c:\users\andy\source\repos\powergrid\powergrid\debug\vc141.pdb
c:\users\andy\source\repos\powergrid\powergrid\debug\vc141.idb
c:\users\andy\source\repos\powergrid\powergrid\debug\powerplant.obj
c:\users\andy\source\repos\powergrid\powergrid\debug\player.obj
c:\users\andy\source\repos\powergrid\powergrid\debug\passivestrategy.obj
c:\users\andy\source\repos\powergrid\powergrid\debug\oil.obj
c:\users\andy\source\repos\powergrid\powergrid\debug\observer.obj
c:\users\andy\source\repos\powergrid\powergrid\debug\moderatestrategy.obj
c:\users\andy\source\repos\powergrid\powergrid\debug\mapreader.obj
c:\users\andy\source\repos\powergrid\powergrid\debug\map.obj
c:\users\andy\source\repos\powergrid\powergrid\debug\main.obj
c:\users\andy\source\repos\powergrid\powergrid\debug\iofile.obj
c:\users\andy\source\repos\powergrid\powergrid\debug\houseview.obj
c:\users\andy\source\repos\powergrid\powergrid\debug\househelper.obj
c:\users\andy\source\repos\powergrid\powergrid\debug\house.obj
c:\users\andy\source\repos\powergrid\powergrid\debug\garbage.obj
c:\users\andy\source\repos\powergrid\powergrid\debug\game.obj
c:\users\andy\source\repos\powergrid\powergrid\debug\elektroview.obj
c:\users\andy\source\repos\powergrid\powergrid\debug\coal.obj
c:\users\andy\source\repos\powergrid\powergrid\debug\area.obj
c:\users\andy\source\repos\powergrid\powergrid\debug\allview.obj
c:\users\andy\source\repos\powergrid\powergrid\debug\aggressivestrategy.obj
c:\users\andy\source\repos\powergrid\powergrid\debug\statistics.obj
c:\users\andy\source\repos\powergrid\powergrid\debug\uranium.obj
c:\users\andy\source\repos\powergrid\powergrid\debug\summary.obj
c:\users\andy\source\repos\powergrid\powergrid\debug\subject.obj
c:\users\andy\source\repos\powergrid\powergrid\debug\strategy.obj
c:\users\andy\source\repos\powergrid\powergrid\debug\resourceview.obj
c:\users\andy\source\repos\powergrid\powergrid\debug\resourcemarket.obj
c:\users\andy\source\repos\powergrid\powergrid\debug\resourcehelper.obj
c:\users\andy\source\repos\powergrid\powergrid\debug\resource.obj
c:\users\andy\source\repos\powergrid\powergrid\debug\powerplantview.obj
c:\users\andy\source\repos\powergrid\powergrid\debug\powerplanthelper.obj
c:\users\andy\source\repos\powergrid\debug\powergrid.exe
c:\users\andy\source\repos\powergrid\debug\powergrid.ilk
c:\users\andy\source\repos\powergrid\debug\powergrid.pdb
c:\users\andy\source\repos\powergrid\powergrid\debug\powergrid.tlog\cl.command.1.tlog
c:\users\andy\source\repos\powergrid\powergrid\debug\powergrid.tlog\cl.read.1.tlog
c:\users\andy\source\repos\powergrid\powergrid\debug\powergrid.tlog\cl.write.1.tlog
c:\users\andy\source\repos\powergrid\powergrid\debug\powergrid.tlog\link.command.1.tlog
c:\users\andy\source\repos\powergrid\powergrid\debug\powergrid.tlog\link.read.1.tlog
c:\users\andy\source\repos\powergrid\powergrid\debug\powergrid.tlog\link.write.1.tlog
