  Area.cpp
  Coal.cpp
  Game.cpp
c:\users\andy\source\repos\powergrid\powergrid\game.cpp(617): warning C4018: '>': signed/unsigned mismatch
  Garbage.cpp
  House.cpp
  HouseHelper.cpp
  IOFile.cpp
c:\users\andy\source\repos\powergrid\powergrid\iofile.cpp(292): warning C4101: 'playerObj': unreferenced local variable
c:\users\andy\source\repos\powergrid\powergrid\iofile.cpp(376): warning C4018: '<': signed/unsigned mismatch
  main.cpp
  Map.cpp
  mapreader.cpp
  Oil.cpp
  Player.cpp
  PowerPlant.cpp
  PowerPlantHelper.cpp
c:\users\andy\source\repos\powergrid\powergrid\powerplanthelper.cpp(1): warning C4067: unexpected tokens following preprocessor directive - expected a newline
c:\users\andy\source\repos\powergrid\powergrid\powerplanthelper.cpp(2): warning C4067: unexpected tokens following preprocessor directive - expected a newline
c:\users\andy\source\repos\powergrid\powergrid\powerplanthelper.cpp(3): warning C4067: unexpected tokens following preprocessor directive - expected a newline
c:\users\andy\source\repos\powergrid\powergrid\powerplanthelper.cpp(4): warning C4067: unexpected tokens following preprocessor directive - expected a newline
  Resource.cpp
  ResourceHelper.cpp
  ResourceMarket.cpp
  Summary.cpp
  Uranium.cpp
  Generating Code...
c:\users\andy\source\repos\powergrid\powergrid\iofile.cpp(608): error C4716: 'IOFile::loadResourceMarket': must return a value
